<component name="libraryTable">
  <library name="junit-jupiter-params-5.7.0">
    <CLASSES />
    <JAVADOC />
    <SOURCES />
  </library>
</component>