<component name="libraryTable">
  <library name="junit-jupiter-api-5.7.0">
    <CLASSES />
    <JAVADOC />
    <SOURCES />
  </library>
</component>